android-AutofillFramework-master/Application/build/outputs/logs/manifest-merger-debug-report.txt
-- Merging decision tree log ---
manifest
ADDED from src/main/AndroidManifest.xml:18:1-95:12
INJECTED from src/main/AndroidManifest.xml:18:1-95:12
INJECTED from src/main/AndroidManifest.xml:18:1-95:12
MERGED from [com.android.support:support-v4:26.0.0-beta1] AndroidManifest.xml:17:1-31:12
MERGED from [com.android.support:support-v13:26.0.0-beta1] AndroidManifest.xml:17:1-31:12
MERGED from [com.android.support:cardview-v7:26.0.0-beta1] AndroidManifest.xml:17:1-28:12
MERGED from [com.android.support:appcompat-v7:26.0.0-beta1] AndroidManifest.xml:17:1-31:12
MERGED from [com.android.support:support-media-compat:26.0.0-beta1] AndroidManifest.xml:17:1-31:12
MERGED from [com.android.support:support-fragment:26.0.0-beta1] AndroidManifest.xml:17:1-31:12
MERGED from [com.android.support:support-core-utils:26.0.0-beta1] AndroidManifest.xml:17:1-31:12
MERGED from [com.android.support:animated-vector-drawable:26.0.0-beta1] AndroidManifest.xml:17:1-28:12
MERGED from [com.android.support:support-vector-drawable:26.0.0-beta1] AndroidManifest.xml:17:1-28:12
MERGED from [com.android.support:support-core-ui:26.0.0-beta1] AndroidManifest.xml:17:1-31:12
MERGED from [com.android.support:support-compat:26.0.0-beta1] AndroidManifest.xml:17:1-31:12
INJECTED from src/main/AndroidManifest.xml:18:1-95:12
INJECTED from src/main/AndroidManifest.xml:18:1-95:12
	package
		ADDED from src/main/AndroidManifest.xml:19:5-52
	android:versionName
		ADDED from src/main/AndroidManifest.xml:21:5-30
		INJECTED from src/main/AndroidManifest.xml
		INJECTED from src/main/AndroidManifest.xml
	xmlns:android
		ADDED from src/main/AndroidManifest.xml:18:11-69
	android:versionCode
		ADDED from src/main/AndroidManifest.xml:20:5-28
		INJECTED from src/main/AndroidManifest.xml
		INJECTED from src/main/AndroidManifest.xml
application
ADDED from src/main/AndroidManifest.xml:23:5-93:19
MERGED from [com.android.support:support-v4:26.0.0-beta1] AndroidManifest.xml:25:5-29:19
MERGED from [com.android.support:support-v4:26.0.0-beta1] AndroidManifest.xml:25:5-29:19
MERGED from [com.android.support:support-v13:26.0.0-beta1] AndroidManifest.xml:25:5-29:19
MERGED from [com.android.support:support-v13:26.0.0-beta1] AndroidManifest.xml:25:5-29:19
MERGED from [com.android.support:cardview-v7:26.0.0-beta1] AndroidManifest.xml:22:5-26:19
MERGED from [com.android.support:cardview-v7:26.0.0-beta1] AndroidManifest.xml:22:5-26:19
MERGED from [com.android.support:appcompat-v7:26.0.0-beta1] AndroidManifest.xml:25:5-29:19
MERGED from [com.android.support:appcompat-v7:26.0.0-beta1] AndroidManifest.xml:25:5-29:19
MERGED from [com.android.support:support-media-compat:26.0.0-beta1] AndroidManifest.xml:25:5-29:19
MERGED from [com.android.support:support-media-compat:26.0.0-beta1] AndroidManifest.xml:25:5-29:19
MERGED from [com.android.support:support-fragment:26.0.0-beta1] AndroidManifest.xml:25:5-29:19
MERGED from [com.android.support:support-fragment:26.0.0-beta1] AndroidManifest.xml:25:5-29:19
MERGED from [com.android.support:support-core-utils:26.0.0-beta1] AndroidManifest.xml:25:5-29:19
MERGED from [com.android.support:support-core-utils:26.0.0-beta1] AndroidManifest.xml:25:5-29:19
MERGED from [com.android.support:animated-vector-drawable:26.0.0-beta1] AndroidManifest.xml:22:5-26:19
MERGED from [com.android.support:animated-vector-drawable:26.0.0-beta1] AndroidManifest.xml:22:5-26:19
MERGED from [com.android.support:support-vector-drawable:26.0.0-beta1] AndroidManifest.xml:22:5-26:19
MERGED from [com.android.support:support-vector-drawable:26.0.0-beta1] AndroidManifest.xml:22:5-26:19
MERGED from [com.android.support:support-core-ui:26.0.0-beta1] AndroidManifest.xml:25:5-29:19
MERGED from [com.android.support:support-core-ui:26.0.0-beta1] AndroidManifest.xml:25:5-29:19
MERGED from [com.android.support:support-compat:26.0.0-beta1] AndroidManifest.xml:25:5-29:19
MERGED from [com.android.support:support-compat:26.0.0-beta1] AndroidManifest.xml:25:5-29:19
	android:supportsRtl
		ADDED from src/main/AndroidManifest.xml:27:9-35
	android:label
		ADDED from src/main/AndroidManifest.xml:26:9-41
	android:icon
		ADDED from src/main/AndroidManifest.xml:25:9-43
	android:allowBackup
		ADDED from src/main/AndroidManifest.xml:24:9-35
	android:theme
		ADDED from src/main/AndroidManifest.xml:28:9-53
activity#com.example.android.autofillframework.app.MainActivity
ADDED from src/main/AndroidManifest.xml:29:9-37:20
	android:label
		ADDED from src/main/AndroidManifest.xml:31:13-36
	android:taskAffinity
		ADDED from src/main/AndroidManifest.xml:32:13-49
	android:name
		ADDED from src/main/AndroidManifest.xml:30:13-45
intent-filter#android.intent.action.MAIN+android.intent.category.LAUNCHER
ADDED from src/main/AndroidManifest.xml:33:13-36:29
action#android.intent.action.MAIN
ADDED from src/main/AndroidManifest.xml:34:17-69
	android:name
		ADDED from src/main/AndroidManifest.xml:34:25-66
category#android.intent.category.LAUNCHER
ADDED from src/main/AndroidManifest.xml:35:17-77
	android:name
		ADDED from src/main/AndroidManifest.xml:35:27-74
activity#com.example.android.autofillframework.app.StandardSignInActivity
ADDED from src/main/AndroidManifest.xml:38:9-42:20
	android:label
		ADDED from src/main/AndroidManifest.xml:40:13-45
	android:taskAffinity
		ADDED from src/main/AndroidManifest.xml:41:13-59
	android:name
		ADDED from src/main/AndroidManifest.xml:39:13-55
activity#com.example.android.autofillframework.app.StandardAutoCompleteSignInActivity
ADDED from src/main/AndroidManifest.xml:43:9-46:74
	android:label
		ADDED from src/main/AndroidManifest.xml:45:13-45
	android:taskAffinity
		ADDED from src/main/AndroidManifest.xml:46:13-71
	android:name
		ADDED from src/main/AndroidManifest.xml:44:13-67
activity#com.example.android.autofillframework.app.VirtualSignInActivity
ADDED from src/main/AndroidManifest.xml:47:9-52:20
	android:label
		ADDED from src/main/AndroidManifest.xml:49:13-44
	android:taskAffinity
		ADDED from src/main/AndroidManifest.xml:50:13-58
	android:name
		ADDED from src/main/AndroidManifest.xml:48:13-54
activity#com.example.android.autofillframework.app.WelcomeActivity
ADDED from src/main/AndroidManifest.xml:53:9-57
	android:name
		ADDED from src/main/AndroidManifest.xml:53:19-54
activity#com.example.android.autofillframework.app.CreditCardActivity
ADDED from src/main/AndroidManifest.xml:54:9-58:20
	android:label
		ADDED from src/main/AndroidManifest.xml:56:13-42
	android:taskAffinity
		ADDED from src/main/AndroidManifest.xml:57:13-55
	android:name
		ADDED from src/main/AndroidManifest.xml:55:13-51
activity#com.example.android.autofillframework.service.settings.SettingsActivity
ADDED from src/main/AndroidManifest.xml:63:9-72:20
	android:label
		ADDED from src/main/AndroidManifest.xml:66:13-50
	android:exported
		ADDED from src/main/AndroidManifest.xml:65:13-36
	android:taskAffinity
		ADDED from src/main/AndroidManifest.xml:67:13-53
	android:name
		ADDED from src/main/AndroidManifest.xml:64:13-62
service#com.example.android.autofillframework.service.MyAutofillService
ADDED from src/main/AndroidManifest.xml:79:9-90:19
	android:label
		ADDED from src/main/AndroidManifest.xml:82:13-52
	android:permission
		ADDED from src/main/AndroidManifest.xml:81:13-66
	android:name
		ADDED from src/main/AndroidManifest.xml:80:13-54
meta-data#android.autofill
ADDED from src/main/AndroidManifest.xml:83:13-85:60
	android:resource
		ADDED from src/main/AndroidManifest.xml:85:17-57
	android:name
		ADDED from src/main/AndroidManifest.xml:84:17-48
intent-filter#android.service.autofill.AutofillService
ADDED from src/main/AndroidManifest.xml:87:13-89:29
action#android.service.autofill.AutofillService
ADDED from src/main/AndroidManifest.xml:88:17-83
	android:name
		ADDED from src/main/AndroidManifest.xml:88:25-80
activity#com.example.android.autofillframework.service.AuthActivity
ADDED from src/main/AndroidManifest.xml:92:9-58
	android:name
		ADDED from src/main/AndroidManifest.xml:92:19-55
uses-sdk
INJECTED from src/main/AndroidManifest.xml reason: use-sdk injection requested
INJECTED from src/main/AndroidManifest.xml
INJECTED from src/main/AndroidManifest.xml
MERGED from [com.android.support:support-v4:26.0.0-beta1] AndroidManifest.xml:21:5-23:54
MERGED from [com.android.support:support-v4:26.0.0-beta1] AndroidManifest.xml:21:5-23:54
MERGED from [com.android.support:support-v13:26.0.0-beta1] AndroidManifest.xml:21:5-23:55
MERGED from [com.android.support:support-v13:26.0.0-beta1] AndroidManifest.xml:21:5-23:55
MERGED from [com.android.support:cardview-v7:26.0.0-beta1] AndroidManifest.xml:20:5-44
MERGED from [com.android.support:cardview-v7:26.0.0-beta1] AndroidManifest.xml:20:5-44
MERGED from [com.android.support:appcompat-v7:26.0.0-beta1] AndroidManifest.xml:21:5-23:78
MERGED from [com.android.support:appcompat-v7:26.0.0-beta1] AndroidManifest.xml:21:5-23:78
MERGED from [com.android.support:support-media-compat:26.0.0-beta1] AndroidManifest.xml:21:5-23:63
MERGED from [com.android.support:support-media-compat:26.0.0-beta1] AndroidManifest.xml:21:5-23:63
MERGED from [com.android.support:support-fragment:26.0.0-beta1] AndroidManifest.xml:21:5-23:60
MERGED from [com.android.support:support-fragment:26.0.0-beta1] AndroidManifest.xml:21:5-23:60
MERGED from [com.android.support:support-core-utils:26.0.0-beta1] AndroidManifest.xml:21:5-23:61
MERGED from [com.android.support:support-core-utils:26.0.0-beta1] AndroidManifest.xml:21:5-23:61
MERGED from [com.android.support:animated-vector-drawable:26.0.0-beta1] AndroidManifest.xml:20:5-44
MERGED from [com.android.support:animated-vector-drawable:26.0.0-beta1] AndroidManifest.xml:20:5-44
MERGED from [com.android.support:support-vector-drawable:26.0.0-beta1] AndroidManifest.xml:20:5-44
MERGED from [com.android.support:support-vector-drawable:26.0.0-beta1] AndroidManifest.xml:20:5-44
MERGED from [com.android.support:support-core-ui:26.0.0-beta1] AndroidManifest.xml:21:5-23:58
MERGED from [com.android.support:support-core-ui:26.0.0-beta1] AndroidManifest.xml:21:5-23:58
MERGED from [com.android.support:support-compat:26.0.0-beta1] AndroidManifest.xml:21:5-23:58
MERGED from [com.android.support:support-compat:26.0.0-beta1] AndroidManifest.xml:21:5-23:58
INJECTED from src/main/AndroidManifest.xml
INJECTED from src/main/AndroidManifest.xml
	tools:overrideLibrary
		ADDED from [com.android.support:support-v4:26.0.0-beta1] AndroidManifest.xml:23:9-51
	android:targetSdkVersion
		INJECTED from src/main/AndroidManifest.xml
		INJECTED from src/main/AndroidManifest.xml
	android:minSdkVersion
		INJECTED from src/main/AndroidManifest.xml
		INJECTED from src/main/AndroidManifest.xml
meta-data#android.support.VERSION
ADDED from [com.android.support:support-v4:26.0.0-beta1] AndroidManifest.xml:26:9-28:44
MERGED from [com.android.support:support-v13:26.0.0-beta1] AndroidManifest.xml:26:9-28:44
MERGED from [com.android.support:support-v13:26.0.0-beta1] AndroidManifest.xml:26:9-28:44
MERGED from [com.android.support:cardview-v7:26.0.0-beta1] AndroidManifest.xml:23:9-25:44
MERGED from [com.android.support:cardview-v7:26.0.0-beta1] AndroidManifest.xml:23:9-25:44
MERGED from [com.android.support:appcompat-v7:26.0.0-beta1] AndroidManifest.xml:26:9-28:44
MERGED from [com.android.support:appcompat-v7:26.0.0-beta1] AndroidManifest.xml:26:9-28:44
MERGED from [com.android.support:support-media-compat:26.0.0-beta1] AndroidManifest.xml:26:9-28:44
MERGED from [com.android.support:support-media-compat:26.0.0-beta1] AndroidManifest.xml:26:9-28:44
MERGED from [com.android.support:support-fragment:26.0.0-beta1] AndroidManifest.xml:26:9-28:44
MERGED from [com.android.support:support-fragment:26.0.0-beta1] AndroidManifest.xml:26:9-28:44
MERGED from [com.android.support:support-core-utils:26.0.0-beta1] AndroidManifest.xml:26:9-28:44
MERGED from [com.android.support:support-core-utils:26.0.0-beta1] AndroidManifest.xml:26:9-28:44
MERGED from [com.android.support:animated-vector-drawable:26.0.0-beta1] AndroidManifest.xml:23:9-25:44
MERGED from [com.android.support:animated-vector-drawable:26.0.0-beta1] AndroidManifest.xml:23:9-25:44
MERGED from [com.android.support:support-vector-drawable:26.0.0-beta1] AndroidManifest.xml:23:9-25:44
MERGED from [com.android.support:support-vector-drawable:26.0.0-beta1] AndroidManifest.xml:23:9-25:44
MERGED from [com.android.support:support-core-ui:26.0.0-beta1] AndroidManifest.xml:26:9-28:44
MERGED from [com.android.support:support-core-ui:26.0.0-beta1] AndroidManifest.xml:26:9-28:44
MERGED from [com.android.support:support-compat:26.0.0-beta1] AndroidManifest.xml:26:9-28:44
MERGED from [com.android.support:support-compat:26.0.0-beta1] AndroidManifest.xml:26:9-28:44
	android:value
		ADDED from [com.android.support:support-v4:26.0.0-beta1] AndroidManifest.xml:28:13-41
	android:name
		ADDED from [com.android.support:support-v4:26.0.0-beta1] AndroidManifest.xml:27:13-51